<?xml version="1.0" encoding="UTF-8"?>
<!-- Generated by org.testng.reporters.JUnitReportReporter -->
<testsuite hostname="DESKTOP-TH0V11K" failures="0" tests="1" name="com.mvn.SwipeDemo" time="22.476" errors="0" timestamp="2024-09-27T11:06:06 IST" skipped="0">
  <testcase classname="com.mvn.SwipeDemo" name="swipe" time="22.476"/>
</testsuite> <!-- com.mvn.SwipeDemo -->
