<?xml version="1.0" encoding="UTF-8"?>
<!-- Generated by org.testng.reporters.JUnitReportReporter -->
<testsuite hostname="DESKTOP-TH0V11K" failures="0" tests="1" name="com.mvn.Animation" time="597.632" errors="0" timestamp="2024-09-26T17:00:35 IST" skipped="0">
  <testcase classname="com.mvn.Animation" name="action" time="597.632"/>
</testsuite> <!-- com.mvn.Animation -->
