<?xml version="1.0" encoding="UTF-8"?>
<!-- Generated by org.testng.reporters.JUnitReportReporter -->
<testsuite hostname="DESKTOP-TH0V11K" failures="0" tests="1" name="com.mvn.DragNDrop" time="10.818" errors="0" timestamp="2024-09-25T10:49:09 IST" skipped="0">
  <testcase classname="com.mvn.DragNDrop" name="drag" time="10.818"/>
</testsuite> <!-- com.mvn.DragNDrop -->
