<?xml version="1.0" encoding="UTF-8"?>
<!-- Generated by org.testng.reporters.JUnitReportReporter -->
<testsuite hostname="DESKTOP-TH0V11K" failures="0" tests="1" name="com.mvn.LongpressAction" time="16.344" errors="0" timestamp="2024-09-25T11:26:50 IST" skipped="0">
  <testcase classname="com.mvn.LongpressAction" name="press" time="16.344"/>
</testsuite> <!-- com.mvn.LongpressAction -->
