<?xml version="1.0" encoding="UTF-8"?>
<!-- Generated by org.testng.reporters.JUnitReportReporter -->
<testsuite hostname="DESKTOP-TH0V11K" failures="0" tests="1" name="com.mvn.ScrollDemo" time="13.488" errors="0" timestamp="2024-09-23T12:07:41 IST" skipped="0">
  <testcase classname="com.mvn.ScrollDemo" name="scroll" time="13.488"/>
</testsuite> <!-- com.mvn.ScrollDemo -->
