<?xml version="1.0" encoding="UTF-8"?>
<!-- Generated by org.testng.reporters.JUnitReportReporter -->
<testsuite hostname="DESKTOP-TH0V11K" failures="0" tests="1" name="com.mvn.GeneralStore" time="34.335" errors="0" timestamp="2024-09-23T12:46:11 IST" skipped="0">
  <testcase classname="com.mvn.GeneralStore" name="store" time="34.335"/>
</testsuite> <!-- com.mvn.GeneralStore -->
