<?xml version="1.0" encoding="UTF-8"?>
<!-- Generated by org.testng.reporters.JUnitReportReporter -->
<testsuite hostname="DESKTOP-TH0V11K" failures="0" tests="1" name="com.mvn.CalculatorDemo" time="23.482" errors="0" timestamp="2024-09-30T12:00:45 IST" skipped="0">
  <testcase classname="com.mvn.CalculatorDemo" name="openCalc" time="23.482"/>
</testsuite> <!-- com.mvn.CalculatorDemo -->
