<?xml version="1.0" encoding="UTF-8"?>
<!-- Generated by org.testng.reporters.JUnitReportReporter -->
<testsuite hostname="DESKTOP-TH0V11K" failures="0" tests="1" name="com.mvn.SeekBar" time="13.478" errors="0" timestamp="2024-10-09T10:26:16 IST" skipped="0">
  <testcase classname="com.mvn.SeekBar" name="seek" time="13.478"/>
</testsuite> <!-- com.mvn.SeekBar -->
