<?xml version="1.0" encoding="UTF-8"?>
<!-- Generated by org.testng.reporters.JUnitReportReporter -->
<testsuite hostname="DESKTOP-TH0V11K" failures="0" tests="1" name="com.mvn.FirstDemo" time="9.061" errors="0" timestamp="2024-09-23T10:32:47 IST" skipped="0">
  <testcase classname="com.mvn.FirstDemo" name="test" time="9.061"/>
</testsuite> <!-- com.mvn.FirstDemo -->
